#
# There is insufficient memory for the Java Runtime Environment to continue.
# Native memory allocation (malloc) failed to allocate 2754576 bytes for Chunk::new
# Possible reasons:
#   The system is out of physical RAM or swap space
#   The process is running with CompressedOops enabled, and the Java Heap may be blocking the growth of the native heap
# Possible solutions:
#   Reduce memory load on the system
#   Increase physical memory or swap space
#   Check if swap backing store is full
#   Decrease Java heap size (-Xmx/-Xms)
#   Decrease number of Java threads
#   Decrease Java thread stack sizes (-Xss)
#   Set larger code cache with -XX:ReservedCodeCacheSize=
#   JVM is running with Unscaled Compressed Oops mode in which the Java heap is
#     placed in the first 4GB address space. The Java Heap base address is the
#     maximum limit for the native heap growth. Please use -XX:HeapBaseMinAddress
#     to set the Java Heap base and to place the Java Heap above 4GB virtual address.
# This output file may be truncated or incomplete.
#
#  Out of Memory Error (allocation.cpp:389), pid=15020, tid=0x0000000000000c94
#
# JRE version: Java(TM) SE Runtime Environment (8.0_381) (build 1.8.0_381-b09)
# Java VM: Java HotSpot(TM) 64-Bit Server VM (25.381-b09 mixed mode windows-amd64 compressed oops)
# Failed to write core dump. Minidumps are not enabled by default on client versions of Windows
#

---------------  T H R E A D  ---------------

Current thread (0x000001ec232c4800):  JavaThread "C2 CompilerThread2" daemon [_thread_in_native, id=3220, stack(0x000000da74c00000,0x000000da74d00000)]

Stack: [0x000000da74c00000,0x000000da74d00000]
Native frames: (J=compiled Java code, j=interpreted, Vv=VM code, C=native code)
V  [jvm.dll+0x353039]
V  [jvm.dll+0x290052]
V  [jvm.dll+0x290c1d]
V  [jvm.dll+0x285255]
V  [jvm.dll+0xdb9bc]
V  [jvm.dll+0xdc1cc]
V  [jvm.dll+0x49d02d]
V  [jvm.dll+0x460665]
V  [jvm.dll+0x46992f]
V  [jvm.dll+0x468d29]
V  [jvm.dll+0x452a5b]
V  [jvm.dll+0xb0766]
V  [jvm.dll+0xaee3f]
V  [jvm.dll+0x251602]
V  [jvm.dll+0x2accec]
C  [ucrtbase.dll+0x21bb2]
C  [KERNEL32.DLL+0x17344]
C  [ntdll.dll+0x526b1]


Current CompileTask:
C2:   1465 1515       4       java.net.URLClassLoader$1::run (5 bytes)


---------------  P R O C E S S  ---------------

Java Threads: ( => current thread )
  0x000001ec24670800 JavaThread "Service Thread" daemon [_thread_blocked, id=7872, stack(0x000000da74e00000,0x000000da74f00000)]
  0x000001ec232c8000 JavaThread "C1 CompilerThread3" daemon [_thread_blocked, id=3480, stack(0x000000da74d00000,0x000000da74e00000)]
=>0x000001ec232c4800 JavaThread "C2 CompilerThread2" daemon [_thread_in_native, id=3220, stack(0x000000da74c00000,0x000000da74d00000)]
  0x000001ec232c1800 JavaThread "C2 CompilerThread1" daemon [_thread_blocked, id=7088, stack(0x000000da74b00000,0x000000da74c00000)]
  0x000001ec232bb000 JavaThread "C2 CompilerThread0" daemon [_thread_blocked, id=9284, stack(0x000000da74a00000,0x000000da74b00000)]
  0x000001ec232ba000 JavaThread "Attach Listener" daemon [_thread_blocked, id=10232, stack(0x000000da74900000,0x000000da74a00000)]
  0x000001ec232b9000 JavaThread "Signal Dispatcher" daemon [_thread_blocked, id=6164, stack(0x000000da74800000,0x000000da74900000)]
  0x000001ec23294800 JavaThread "Finalizer" daemon [_thread_blocked, id=5992, stack(0x000000da74700000,0x000000da74800000)]
  0x000001ec2328c000 JavaThread "Reference Handler" daemon [_thread_blocked, id=8476, stack(0x000000da74600000,0x000000da74700000)]
  0x000001ec0c7ea000 JavaThread "main" [_thread_in_vm, id=12484, stack(0x000000da73c00000,0x000000da73d00000)]

Other Threads:
  0x000001ec23262800 VMThread [stack: 0x000000da74500000,0x000000da74600000] [id=14388]
  0x000001ec2333d800 WatcherThread [stack: 0x000000da74f00000,0x000000da75000000] [id=12292]

VM state:not at safepoint (normal execution)

VM Mutex/Monitor currently owned by a thread: None

heap address: 0x0000000083a00000, size: 1990 MB, Compressed Oops mode: 32-bit
Narrow klass base: 0x0000000000000000, Narrow klass shift: 3
Compressed class space size: 1073741824 Address: 0x0000000100000000

Heap:
 PSYoungGen      total 37888K, used 27381K [0x00000000d6900000, 0x00000000db300000, 0x0000000100000000)
  eden space 32768K, 67% used [0x00000000d6900000,0x00000000d7ec0cd8,0x00000000d8900000)
  from space 5120K, 99% used [0x00000000d8e00000,0x00000000d92fca28,0x00000000d9300000)
  to   space 5120K, 0% used [0x00000000d8900000,0x00000000d8900000,0x00000000d8e00000)
 ParOldGen       total 86016K, used 2114K [0x0000000083a00000, 0x0000000088e00000, 0x00000000d6900000)
  object space 86016K, 2% used [0x0000000083a00000,0x0000000083c10838,0x0000000088e00000)
 Metaspace       used 14854K, capacity 15110K, committed 15232K, reserved 1062912K
  class space    used 1823K, capacity 1910K, committed 1920K, reserved 1048576K

Card table byte_map: [0x000001ec1d4f0000,0x000001ec1d8e0000] byte_map_base: 0x000001ec1d0d3000

Marking Bits: (ParMarkBitMap*) 0x00007ffa37b56040
 Begin Bits: [0x000001ec1db80000, 0x000001ec1fa98000)
 End Bits:   [0x000001ec1fa98000, 0x000001ec219b0000)

Polling page: 0x000001ec0c780000

CodeCache: size=245760Kb used=5541Kb max_used=5541Kb free=240218Kb
 bounds [0x000001ec0e130000, 0x000001ec0e6a0000, 0x000001ec1d130000]
 total_blobs=1982 nmethods=1625 adapters=269
 compilation: enabled

Compilation events (10 events):
Event: 1.005 Thread 0x000001ec232c8000 1611       3       java.io.OutputStreamWriter::flushBuffer (8 bytes)
Event: 1.005 Thread 0x000001ec232c8000 nmethod 1611 0x000001ec0e698390 code [0x000001ec0e698500, 0x000001ec0e698690]
Event: 1.005 Thread 0x000001ec232c8000 1612   !   3       sun.nio.cs.StreamEncoder::flushBuffer (42 bytes)
Event: 1.005 Thread 0x000001ec232c8000 nmethod 1612 0x000001ec0e698750 code [0x000001ec0e698900, 0x000001ec0e698ea0]
Event: 1.005 Thread 0x000001ec232c8000 1613       3       sun.nio.cs.StreamEncoder::implFlushBuffer (15 bytes)
Event: 1.005 Thread 0x000001ec232c8000 nmethod 1613 0x000001ec0e699150 code [0x000001ec0e6992c0, 0x000001ec0e699530]
Event: 1.005 Thread 0x000001ec232c8000 1614       3       sun.nio.cs.StreamEncoder::writeBytes (132 bytes)
Event: 1.005 Thread 0x000001ec232c8000 nmethod 1614 0x000001ec0e699610 code [0x000001ec0e699820, 0x000001ec0e69a480]
Event: 1.005 Thread 0x000001ec232c8000 1617       3       java.io.FileOutputStream::write (12 bytes)
Event: 1.005 Thread 0x000001ec232c8000 nmethod 1617 0x000001ec0e69a990 code [0x000001ec0e69ab00, 0x000001ec0e69ac90]

GC Heap History (4 events):
Event: 0.468 GC heap before
{Heap before GC invocations=1 (full 0):
 PSYoungGen      total 37888K, used 32768K [0x00000000d6900000, 0x00000000d9300000, 0x0000000100000000)
  eden space 32768K, 100% used [0x00000000d6900000,0x00000000d8900000,0x00000000d8900000)
  from space 5120K, 0% used [0x00000000d8e00000,0x00000000d8e00000,0x00000000d9300000)
  to   space 5120K, 0% used [0x00000000d8900000,0x00000000d8900000,0x00000000d8e00000)
 ParOldGen       total 86016K, used 0K [0x0000000083a00000, 0x0000000088e00000, 0x00000000d6900000)
  object space 86016K, 0% used [0x0000000083a00000,0x0000000083a00000,0x0000000088e00000)
 Metaspace       used 8280K, capacity 8412K, committed 8576K, reserved 1056768K
  class space    used 1002K, capacity 1080K, committed 1152K, reserved 1048576K
Event: 0.471 GC heap after
Heap after GC invocations=1 (full 0):
 PSYoungGen      total 37888K, used 5106K [0x00000000d6900000, 0x00000000d9300000, 0x0000000100000000)
  eden space 32768K, 0% used [0x00000000d6900000,0x00000000d6900000,0x00000000d8900000)
  from space 5120K, 99% used [0x00000000d8900000,0x00000000d8dfc820,0x00000000d8e00000)
  to   space 5120K, 0% used [0x00000000d8e00000,0x00000000d8e00000,0x00000000d9300000)
 ParOldGen       total 86016K, used 225K [0x0000000083a00000, 0x0000000088e00000, 0x00000000d6900000)
  object space 86016K, 0% used [0x0000000083a00000,0x0000000083a38578,0x0000000088e00000)
 Metaspace       used 8280K, capacity 8412K, committed 8576K, reserved 1056768K
  class space    used 1002K, capacity 1080K, committed 1152K, reserved 1048576K
}
Event: 0.711 GC heap before
{Heap before GC invocations=2 (full 0):
 PSYoungGen      total 37888K, used 37874K [0x00000000d6900000, 0x00000000d9300000, 0x0000000100000000)
  eden space 32768K, 100% used [0x00000000d6900000,0x00000000d8900000,0x00000000d8900000)
  from space 5120K, 99% used [0x00000000d8900000,0x00000000d8dfc820,0x00000000d8e00000)
  to   space 5120K, 0% used [0x00000000d8e00000,0x00000000d8e00000,0x00000000d9300000)
 ParOldGen       total 86016K, used 225K [0x0000000083a00000, 0x0000000088e00000, 0x00000000d6900000)
  object space 86016K, 0% used [0x0000000083a00000,0x0000000083a38578,0x0000000088e00000)
 Metaspace       used 11657K, capacity 11836K, committed 12032K, reserved 1060864K
  class space    used 1440K, capacity 1511K, committed 1536K, reserved 1048576K
Event: 0.716 GC heap after
Heap after GC invocations=2 (full 0):
 PSYoungGen      total 37888K, used 5106K [0x00000000d6900000, 0x00000000db300000, 0x0000000100000000)
  eden space 32768K, 0% used [0x00000000d6900000,0x00000000d6900000,0x00000000d8900000)
  from space 5120K, 99% used [0x00000000d8e00000,0x00000000d92fca28,0x00000000d9300000)
  to   space 5120K, 0% used [0x00000000d8900000,0x00000000d8900000,0x00000000d8e00000)
 ParOldGen       total 86016K, used 2114K [0x0000000083a00000, 0x0000000088e00000, 0x00000000d6900000)
  object space 86016K, 2% used [0x0000000083a00000,0x0000000083c10838,0x0000000088e00000)
 Metaspace       used 11657K, capacity 11836K, committed 12032K, reserved 1060864K
  class space    used 1440K, capacity 1511K, committed 1536K, reserved 1048576K
}

Deoptimization events (8 events):
Event: 0.257 Thread 0x000001ec0c7ea000 Uncommon trap: reason=unstable_if action=reinterpret pc=0x000001ec0e2b8168 method=java.lang.String.indexOf([CII[CIII)I @ 3
Event: 0.461 Thread 0x000001ec0c7ea000 Uncommon trap: reason=unstable_if action=reinterpret pc=0x000001ec0e3ac600 method=java.util.HashMap.getNode(ILjava/lang/Object;)Ljava/util/HashMap$Node; @ 129
Event: 0.461 Thread 0x000001ec0c7ea000 Uncommon trap: reason=unstable_if action=reinterpret pc=0x000001ec0e39e678 method=java.util.HashMap.getNode(ILjava/lang/Object;)Ljava/util/HashMap$Node; @ 129
Event: 0.890 Thread 0x000001ec0c7ea000 Uncommon trap: reason=unstable_if action=reinterpret pc=0x000001ec0e616200 method=org.eclipse.sisu.inject.InjectorBindings.isAssignableFrom(Lcom/google/inject/TypeLiteral;Lcom/google/inject/Binding;)Z @ 14
Event: 0.898 Thread 0x000001ec0c7ea000 Uncommon trap: reason=unstable_if action=reinterpret pc=0x000001ec0e40d8bc method=org.codehaus.plexus.util.xml.pull.MXParser.nextImpl()I @ 269
Event: 0.948 Thread 0x000001ec0c7ea000 Uncommon trap: reason=unstable_if action=reinterpret pc=0x000001ec0e64b444 method=sun.nio.cs.StreamDecoder.implRead([CII)I @ 36
Event: 0.971 Thread 0x000001ec0c7ea000 Uncommon trap: reason=unstable_if action=reinterpret pc=0x000001ec0e2d67cc method=java.lang.String.replace(CC)Ljava/lang/String; @ 2
Event: 0.974 Thread 0x000001ec0c7ea000 Uncommon trap: reason=unstable_if action=reinterpret pc=0x000001ec0e54f3e4 method=java.lang.String.substring(I)Ljava/lang/String; @ 35

Classes redefined (0 events):
No events

Internal exceptions (10 events):
Event: 0.144 Thread 0x000001ec0c7ea000 Exception <a 'java/security/PrivilegedActionException'> (0x00000000d6d7eeb8) thrown at [C:\jenkins\workspace\8-2-build-windows-x64-cygwin-sans-NAS\jdk8u381\237\hotspot\src\share\vm\prims\jvm.cpp, line 1513]
Event: 0.817 Thread 0x000001ec0c7ea000 Exception <a 'java/lang/NoClassDefFoundError': com/google/inject/servlet/ServletModuleTargetVisitor> (0x00000000d7186698) thrown at [C:\jenkins\workspace\8-2-build-windows-x64-cygwin-sans-NAS\jdk8u381\237\hotspot\src\share\vm\classfile\systemDictionary.cp
Event: 0.817 Thread 0x000001ec0c7ea000 Exception <a 'java/lang/NoClassDefFoundError'> (0x00000000d7186698) thrown at [C:\jenkins\workspace\8-2-build-windows-x64-cygwin-sans-NAS\jdk8u381\237\hotspot\src\share\vm\prims\jvm.cpp, line 1517]
Event: 0.817 Thread 0x000001ec0c7ea000 Exception <a 'java/lang/NoClassDefFoundError': javax/annotation/Priority> (0x00000000d718b788) thrown at [C:\jenkins\workspace\8-2-build-windows-x64-cygwin-sans-NAS\jdk8u381\237\hotspot\src\share\vm\classfile\systemDictionary.cpp, line 202]
Event: 0.926 Thread 0x000001ec0c7ea000 Exception <a 'java/lang/NullPointerException'> (0x00000000d78dd548) thrown at [C:\jenkins\workspace\8-2-build-windows-x64-cygwin-sans-NAS\jdk8u381\237\hotspot\src\share\vm\interpreter\linkResolver.cpp, line 1185]
Event: 0.926 Thread 0x000001ec0c7ea000 Exception <a 'java/lang/NullPointerException'> (0x00000000d78dd760) thrown at [C:\jenkins\workspace\8-2-build-windows-x64-cygwin-sans-NAS\jdk8u381\237\hotspot\src\share\vm\interpreter\linkResolver.cpp, line 1185]
Event: 0.926 Thread 0x000001ec0c7ea000 Exception <a 'java/lang/NullPointerException'> (0x00000000d78dd978) thrown at [C:\jenkins\workspace\8-2-build-windows-x64-cygwin-sans-NAS\jdk8u381\237\hotspot\src\share\vm\interpreter\linkResolver.cpp, line 1185]
Event: 0.926 Thread 0x000001ec0c7ea000 Exception <a 'java/lang/NullPointerException'> (0x00000000d78e5f90) thrown at [C:\jenkins\workspace\8-2-build-windows-x64-cygwin-sans-NAS\jdk8u381\237\hotspot\src\share\vm\interpreter\linkResolver.cpp, line 1185]
Event: 0.926 Thread 0x000001ec0c7ea000 Exception <a 'java/lang/NullPointerException'> (0x00000000d78e61a8) thrown at [C:\jenkins\workspace\8-2-build-windows-x64-cygwin-sans-NAS\jdk8u381\237\hotspot\src\share\vm\interpreter\linkResolver.cpp, line 1185]
Event: 0.926 Thread 0x000001ec0c7ea000 Exception <a 'java/lang/NullPointerException'> (0x00000000d78e63c0) thrown at [C:\jenkins\workspace\8-2-build-windows-x64-cygwin-sans-NAS\jdk8u381\237\hotspot\src\share\vm\interpreter\linkResolver.cpp, line 1185]

Events (10 events):
Event: 0.990 loading class org/eclipse/aether/util/repository/ChainedWorkspaceReader
Event: 0.990 loading class org/eclipse/aether/util/repository/ChainedWorkspaceReader done
Event: 0.991 loading class org/apache/maven/execution/MavenSession
Event: 0.991 loading class org/apache/maven/execution/MavenSession done
Event: 0.991 loading class org/codehaus/plexus/PlexusContainer
Event: 0.991 loading class org/codehaus/plexus/PlexusContainer done
Event: 0.991 loading class org/netbeans/shaded/json/simple/JSONArray
Event: 0.991 loading class org/netbeans/shaded/json/simple/JSONArray done
Event: 0.991 loading class org/codehaus/plexus/classworlds/realm/ClassRealm
Event: 0.991 loading class org/codehaus/plexus/classworlds/realm/ClassRealm done


Dynamic libraries:
0x00007ff766f50000 - 0x00007ff766f9a000 	C:\Program Files\Java\jdk-1.8\bin\java.exe
0x00007ffa84c10000 - 0x00007ffa84e08000 	C:\Windows\SYSTEM32\ntdll.dll
0x00007ffa54ce0000 - 0x00007ffa54cf9000 	C:\Program Files\Avast Software\Avast\aswhook.dll
0x00007ffa82f60000 - 0x00007ffa8301d000 	C:\Windows\System32\KERNEL32.DLL
0x00007ffa82870000 - 0x00007ffa82b66000 	C:\Windows\System32\KERNELBASE.dll
0x00007ffa83600000 - 0x00007ffa836af000 	C:\Windows\System32\ADVAPI32.dll
0x00007ffa84640000 - 0x00007ffa846de000 	C:\Windows\System32\msvcrt.dll
0x00007ffa84400000 - 0x00007ffa8449c000 	C:\Windows\System32\sechost.dll
0x00007ffa84190000 - 0x00007ffa842b6000 	C:\Windows\System32\RPCRT4.dll
0x00007ffa82db0000 - 0x00007ffa82f4e000 	C:\Windows\System32\USER32.dll
0x00007ffa82780000 - 0x00007ffa827a2000 	C:\Windows\System32\win32u.dll
0x00007ffa84080000 - 0x00007ffa840ac000 	C:\Windows\System32\GDI32.dll
0x00007ffa82340000 - 0x00007ffa8245a000 	C:\Windows\System32\gdi32full.dll
0x00007ffa82580000 - 0x00007ffa8261d000 	C:\Windows\System32\msvcp_win.dll
0x00007ffa82b70000 - 0x00007ffa82c70000 	C:\Windows\System32\ucrtbase.dll
0x00007ffa6c420000 - 0x00007ffa6c6ba000 	C:\Windows\WinSxS\amd64_microsoft.windows.common-controls_6595b64144ccf1df_6.0.19041.3636_none_60b6a03d71f818d5\COMCTL32.dll
0x00007ffa840b0000 - 0x00007ffa840e0000 	C:\Windows\System32\IMM32.DLL
0x00007ffa7d130000 - 0x00007ffa7d14b000 	C:\Program Files\Java\jdk-1.8\jre\bin\vcruntime140.dll
0x00007ffa73d00000 - 0x00007ffa73d0c000 	C:\Program Files\Java\jdk-1.8\jre\bin\vcruntime140_1.dll
0x00007ffa604a0000 - 0x00007ffa6052e000 	C:\Program Files\Java\jdk-1.8\jre\bin\msvcp140.dll
0x00007ffa37320000 - 0x00007ffa37bd0000 	C:\Program Files\Java\jdk-1.8\jre\bin\server\jvm.dll
0x00007ffa82c70000 - 0x00007ffa82c78000 	C:\Windows\System32\PSAPI.DLL
0x00007ffa715c0000 - 0x00007ffa715c9000 	C:\Windows\SYSTEM32\WSOCK32.dll
0x00007ffa70f40000 - 0x00007ffa70f67000 	C:\Windows\SYSTEM32\WINMM.dll
0x00007ffa7bb50000 - 0x00007ffa7bb5a000 	C:\Windows\SYSTEM32\VERSION.dll
0x00007ffa83fb0000 - 0x00007ffa8401b000 	C:\Windows\System32\WS2_32.dll
0x00007ffa80b40000 - 0x00007ffa80b52000 	C:\Windows\SYSTEM32\kernel.appcore.dll
0x00007ffa7da40000 - 0x00007ffa7da50000 	C:\Program Files\Java\jdk-1.8\jre\bin\verify.dll
0x00007ffa73d50000 - 0x00007ffa73d7b000 	C:\Program Files\Java\jdk-1.8\jre\bin\java.dll
0x00007ffa7c750000 - 0x00007ffa7c768000 	C:\Program Files\Java\jdk-1.8\jre\bin\zip.dll
0x00007ffa83860000 - 0x00007ffa83fa5000 	C:\Windows\System32\SHELL32.dll
0x00007ffa80280000 - 0x00007ffa80a1b000 	C:\Windows\SYSTEM32\windows.storage.dll
0x00007ffa84740000 - 0x00007ffa84a94000 	C:\Windows\System32\combase.dll
0x00007ffa81d30000 - 0x00007ffa81d5d000 	C:\Windows\SYSTEM32\Wldp.dll
0x00007ffa82c80000 - 0x00007ffa82d2d000 	C:\Windows\System32\SHCORE.dll
0x00007ffa845c0000 - 0x00007ffa84615000 	C:\Windows\System32\shlwapi.dll
0x00007ffa82220000 - 0x00007ffa82245000 	C:\Windows\SYSTEM32\profapi.dll
0x00007ffa6f530000 - 0x00007ffa6f53a000 	C:\Program Files\NetBeans-12.2\netbeans\java\maven\lib\jansi-native\windows64\jansi.dll
0x00007ffa80090000 - 0x00007ffa80274000 	C:\Windows\SYSTEM32\dbghelp.dll
0x00007ffa827b0000 - 0x00007ffa82832000 	C:\Windows\System32\bcryptPrimitives.dll
0x00007ffa73d30000 - 0x00007ffa73d4c000 	C:\Program Files\Java\jdk-1.8\jre\bin\net.dll
0x00007ffa81a90000 - 0x00007ffa81afa000 	C:\Windows\system32\mswsock.dll
0x00007ffa73d10000 - 0x00007ffa73d23000 	C:\Program Files\Java\jdk-1.8\jre\bin\nio.dll

VM Arguments:
jvm_args: -Dclassworlds.conf=C:\Program Files\NetBeans-12.2\netbeans\java\maven\bin\..\bin\m2.conf -Dmaven.home=C:\Program Files\NetBeans-12.2\netbeans\java\maven\bin\.. -Dlibrary.jansi.path=C:\Program Files\NetBeans-12.2\netbeans\java\maven\bin\..\lib\jansi-native -Dmaven.multiModuleProjectDirectory=C:\Users\MBR\Documents\NetBeansProjects\ParkingLot 
java_command: org.codehaus.plexus.classworlds.launcher.Launcher -Dexec.args=-classpath %classpath com.mycompany.parkinglot.MainClass -Dexec.executable=C:\Program Files\Java\jdk-1.8\bin\java.exe -Dmaven.ext.class.path=C:\Program Files\NetBeans-12.2\netbeans\java\maven-nblib\netbeans-eventspy.jar -Dfile.encoding=UTF-8 org.codehaus.mojo:exec-maven-plugin:3.0.0:exec
java_class_path (initial): C:\Program Files\NetBeans-12.2\netbeans\java\maven\bin\..\boot\plexus-classworlds-2.6.0.jar
Launcher Type: SUN_STANDARD

Environment Variables:
JAVA_HOME=C:\Program Files\Java\jdk-1.8
PATH=C:\Oracle\Middleware\Oracle_FRHome1\bin;F:\app\MBR\product\11.2.0\dbhome_1\bin;C:\ProgramData\Oracle\Java\javapath;C:\Program Files (x86)\Common Files\Oracle\Java\javapath;C:\Windows\system32;C:\Windows;C:\Windows\System32\Wbem;C:\Windows\System32\WindowsPowerShell\v1.0\;C:\Windows\System32\OpenSSH\;C:\Program Files (x86)\NVIDIA Corporation\PhysX\Common;C:\Program Files\Bandizip\;C:\MinGW\bin;C:\xampp\php;C:\ProgramData\ComposerSetup\bin;C:\Program Files\nodejs\;C:\ProgramData\chocolatey\bin;C:\Oracle\Middleware\Oracle_FRHome1\opmn\bin;C:\Oracle\Middleware\Oracle_FRHome1\opmn\lib;C:\Oracle\Middleware\Oracle_FRHome1\perl\bin;C:\Users\MBR\AppData\Local\Microsoft\WindowsApps;C:\Users\MBR\AppData\Local\Programs\Microsoft VS Code\bin;C:\Users\MBR\AppData\Roaming\Composer\vendor\bin;C:\Users\MBR\AppData\Roaming\npm
USERNAME=MBR
LD_LIBRARY_PATH=C:\Oracle\Middleware\Oracle_FRHome1\lib
OS=Windows_NT
PROCESSOR_IDENTIFIER=Intel64 Family 6 Model 142 Stepping 12, GenuineIntel



---------------  S Y S T E M  ---------------

OS: Windows 10 , 64 bit Build 19041 (10.0.19041.3636)

CPU:total 8 (initial active 8) (4 cores per cpu, 2 threads per core) family 6 model 142 stepping 12, cmov, cx8, fxsr, mmx, sse, sse2, sse3, ssse3, sse4.1, sse4.2, popcnt, avx, avx2, aes, clmul, erms, 3dnowpref, lzcnt, ht, tsc, tscinvbit, bmi1, bmi2, adx

Memory: 4k page, physical 8143556k(1419540k free), swap 15270416k(5208k free)

vm_info: Java HotSpot(TM) 64-Bit Server VM (25.381-b09) for windows-amd64 JRE (1.8.0_381-b09), built on Jun 14 2023 13:50:38 by "java_re" with MS VC++ 17.1 (VS2022)

time: Mon Dec 18 00:33:54 2023
timezone: Egypt Standard Time
elapsed time: 1.470093 seconds (0d 0h 0m 1s)

